<?xml version="1.0" encoding="UTF-8"?>
<!-- Generated by org.testng.reporters.JUnitReportReporter -->
<testsuite hostname="DESKTOP-5A3OTB0" failures="0" tests="1" name="config.StartStop" time="0.107" errors="0" timestamp="2025-01-07T10:44:23 IST" skipped="0">
  <testcase classname="config.StartStop" name="start" time="0.107"/>
</testsuite> <!-- config.StartStop -->
