<?xml version="1.0" encoding="UTF-8"?>
<!-- Generated by org.testng.reporters.JUnitReportReporter -->
<testsuite hostname="DESKTOP-5A3OTB0" failures="0" tests="6" name="testcases.Test1" time="72.462" errors="0" timestamp="2025-01-03T10:05:18 IST" skipped="0">
  <testcase classname="testcases.Test1" name="m1" time="11.335"/>
  <testcase classname="testcases.Test1" name="m2" time="5.287"/>
  <testcase classname="testcases.Test1" name="m1" time="9.754"/>
  <testcase classname="testcases.Test1" name="m2" time="6.176"/>
  <testcase classname="testcases.Test1" name="m3" time="20.318"/>
  <testcase classname="testcases.Test1" name="m3" time="19.592"/>
</testsuite> <!-- testcases.Test1 -->
