<?xml version="1.0" encoding="UTF-8"?>
<!-- Generated by org.testng.reporters.JUnitReportReporter -->
<testsuite hostname="DESKTOP-5A3OTB0" failures="0" tests="6" name="testcases.Test1" time="31.834" errors="0" timestamp="2025-01-12T18:55:05 IST" skipped="0">
  <testcase classname="testcases.Test1" name="m1" time="2.963"/>
  <testcase classname="testcases.Test1" name="m2" time="2.850"/>
  <testcase classname="testcases.Test1" name="m3" time="12.107"/>
  <testcase classname="testcases.Test1" name="m2" time="2.838"/>
  <testcase classname="testcases.Test1" name="m1" time="3.226"/>
  <testcase classname="testcases.Test1" name="m3" time="7.850"/>
</testsuite> <!-- testcases.Test1 -->
